<?xml version="1.0" encoding="UTF-8"?>
<testsuite name="com.scalefocus.config.server.ConfigServerApplicationTest" tests="1" skipped="0" failures="0" errors="0" timestamp="2019-06-08T08:34:16" hostname="NTB500" time="0.0">
  <properties/>
  <testcase name="applicationStartTest" classname="com.scalefocus.config.server.ConfigServerApplicationTest" time="0.0"/>
  <system-out><![CDATA[]]></system-out>
  <system-err><![CDATA[]]></system-err>
</testsuite>
